{"uuid":"665b95b0-b12d-4f73-9acd-e183c160add7","historyId":"9466b7aeae4345cb21c851ffc532b338","fullName":"tests.TestClass.checkHomePageTitleIsCorrect","labels":[{"name":"package","value":"tests.TestClass"},{"name":"testClass","value":"tests.TestClass"},{"name":"testMethod","value":"checkHomePageTitleIsCorrect"},{"name":"parentSuite","value":"Surefire suite"},{"name":"suite","value":"Surefire test"},{"name":"subSuite","value":"tests.TestClass"},{"name":"host","value":"The-Invisible"},{"name":"thread","value":"22264@The-Invisible.main(1)"},{"name":"framework","value":"testng"},{"name":"language","value":"java"},{"name":"story","value":"Google Basic Validations"},{"name":"epic","value":"SHAFT Web GUI Template"}],"links":[{"name":"TC-009","type":"tms"}],"name":"Check that Home Page Title is correct.","status":"failed","statusDetails":{"known":false,"muted":false,"flaky":false,"message":"Verification \"ValidateBrowserAttribute\" FAILED. Expected \"Value Should be 'Google' for the 'title' attribute\" and Actual \"My Shop\". Comparison Type \"EQUALS\". Validation Type \"POSITIVE\".","trace":"java.lang.AssertionError: Verification \"ValidateBrowserAttribute\" FAILED. Expected \"Value Should be 'Google' for the 'title' attribute\" and Actual \"My Shop\". Comparison Type \"EQUALS\". Validation Type \"POSITIVE\".\r\n\tat com.shaft.validation.internal.ValidationsHelper.reportValidationState(ValidationsHelper.java:663)\r\n\tat com.shaft.validation.internal.ValidationsHelper.fail(ValidationsHelper.java:400)\r\n\tat com.shaft.validation.internal.ValidationsHelper.reportValidationResultOfBrowserAttribute(ValidationsHelper.java:538)\r\n\tat com.shaft.validation.internal.ValidationsHelper.validateBrowserAttribute(ValidationsHelper.java:248)\r\n\tat com.shaft.validation.internal.ValidationsExecutor.performValidation(ValidationsExecutor.java:168)\r\n\tat com.shaft.validation.internal.ValidationsExecutor.perform(ValidationsExecutor.java:146)\r\n\tat pages.HomePage.verifyBrowserTitleIsCorrect(HomePage.java:47)\r\n\tat tests.TestClass.checkHomePageTitleIsCorrect(TestClass.java:24)\r\n\tat java.base/jdk.internal.reflect.NativeMethodAccessorImpl.invoke0(Native Method)\r\n\tat java.base/jdk.internal.reflect.NativeMethodAccessorImpl.invoke(NativeMethodAccessorImpl.java:77)\r\n\tat java.base/jdk.internal.reflect.DelegatingMethodAccessorImpl.invoke(DelegatingMethodAccessorImpl.java:43)\r\n\tat java.base/java.lang.reflect.Method.invoke(Method.java:568)\r\n\tat org.testng.internal.invokers.MethodInvocationHelper.invokeMethod(MethodInvocationHelper.java:139)\r\n\tat org.testng.internal.invokers.TestInvoker.invokeMethod(TestInvoker.java:664)\r\n\tat org.testng.internal.invokers.TestInvoker.invokeTestMethod(TestInvoker.java:228)\r\n\tat org.testng.internal.invokers.MethodRunner.runInSequence(MethodRunner.java:63)\r\n\tat org.testng.internal.invokers.TestInvoker$MethodInvocationAgent.invoke(TestInvoker.java:961)\r\n\tat org.testng.internal.invokers.TestInvoker.invokeTestMethods(TestInvoker.java:201)\r\n\tat org.testng.internal.invokers.TestMethodWorker.invokeTestMethods(TestMethodWorker.java:148)\r\n\tat org.testng.internal.invokers.TestMethodWorker.run(TestMethodWorker.java:128)\r\n\tat java.base/java.util.ArrayList.forEach(ArrayList.java:1511)\r\n\tat org.testng.TestRunner.privateRun(TestRunner.java:819)\r\n\tat org.testng.TestRunner.run(TestRunner.java:619)\r\n\tat org.testng.SuiteRunner.runTest(SuiteRunner.java:443)\r\n\tat org.testng.SuiteRunner.runSequentially(SuiteRunner.java:437)\r\n\tat org.testng.SuiteRunner.privateRun(SuiteRunner.java:397)\r\n\tat org.testng.SuiteRunner.run(SuiteRunner.java:336)\r\n\tat org.testng.SuiteRunnerWorker.runSuite(SuiteRunnerWorker.java:52)\r\n\tat org.testng.SuiteRunnerWorker.run(SuiteRunnerWorker.java:95)\r\n\tat org.testng.TestNG.runSuitesSequentially(TestNG.java:1301)\r\n\tat org.testng.TestNG.runSuitesLocally(TestNG.java:1228)\r\n\tat org.testng.TestNG.runSuites(TestNG.java:1134)\r\n\tat org.testng.TestNG.run(TestNG.java:1101)\r\n\tat org.apache.maven.surefire.testng.TestNGExecutor.run(TestNGExecutor.java:155)\r\n\tat org.apache.maven.surefire.testng.TestNGDirectoryTestSuite.executeSingleClass(TestNGDirectoryTestSuite.java:102)\r\n\tat org.apache.maven.surefire.testng.TestNGDirectoryTestSuite.execute(TestNGDirectoryTestSuite.java:91)\r\n\tat org.apache.maven.surefire.testng.TestNGProvider.invoke(TestNGProvider.java:137)\r\n\tat org.apache.maven.surefire.booter.ForkedBooter.runSuitesInProcess(ForkedBooter.java:385)\r\n\tat org.apache.maven.surefire.booter.ForkedBooter.execute(ForkedBooter.java:162)\r\n\tat org.apache.maven.surefire.booter.ForkedBooter.run(ForkedBooter.java:507)\r\n\tat org.apache.maven.surefire.booter.ForkedBooter.main(ForkedBooter.java:495)\r\n"},"stage":"finished","description":"Given I am on the Home page,Then the browser title should be 'Google'.","steps":[{"name":"Then the browser title should be 'Google'.","status":"passed","stage":"finished","steps":[{"name":" Verify that browser attribute equals","status":"passed","stage":"finished","steps":[{"name":"Get current window title \"My Shop\".","status":"passed","stage":"finished","steps":[],"attachments":[],"parameters":[],"start":1707515270976,"stop":1707515270976},{"name":"Verification Failed: The Browser title is equal to \"Google\".","status":"passed","stage":"finished","steps":[],"attachments":[{"name":"Screenshot - 1707515271484_checkHomePageTitleIsCorrect_ValidateBrowserAttribute_failed","source":"e1df824c-bef6-4ff8-b34a-e2da05e1801c-attachment.png","type":"image/png"},{"name":"Validation Test Data - Failure Reason","source":"6a052da4-61c4-4a1a-b2d3-5b340273b472-attachment"}],"parameters":[{"name":"customLog","value":"Verification Failed: The Browser title is equal to \"Google\"."},{"name":"attachments","value":"[[Screenshot, 1707515271484_checkHomePageTitleIsCorrect_ValidateBrowserAttribute_failed, java.io.ByteArrayInputStream@675d209c], [Validation Test Data, Failure Reason, java.lang.AssertionError: Verification \"ValidateBrowserAttribute\" FAILED. Expected \"Value Should be 'Google' for the 'title' attribute\" and Actual \"My Shop\". Comparison Type \"EQUALS\". Validation Type \"POSITIVE\".\r\n com.shaft.validation.internal.ValidationsHelper.reportValidationState(ValidationsHelper.java:637)\r\n com.shaft.validation.internal.ValidationsHelper.fail(ValidationsHelper.java:400)\r\n com.shaft.validation.internal.ValidationsHelper.reportValidationResultOfBrowserAttribute(ValidationsHelper.java:538)\r\n com.shaft.validation.internal.ValidationsHelper.validateBrowserAttribute(ValidationsHelper.java:248)\r\n com.shaft.validation.internal.ValidationsExecutor.performValidation(ValidationsExecutor.java:168)\r\n com.shaft.validation.internal.ValidationsExecutor.perform(ValidationsExecutor.java:146)\r\n pages.HomePage.verifyBrowserTitleIsCorrect(HomePage.java:47)\r\n tests.TestClass.checkHomePageTitleIsCorrect(TestClass.java:24)\r\n java.base/jdk.internal.reflect.NativeMethodAccessorImpl.invoke0(Native Method)\r\n java.base/jdk.internal.reflect.NativeMethodAccessorImpl.invoke(NativeMethodAccessorImpl.java:77)\r\n java.base/jdk.internal.reflect.DelegatingMethodAccessorImpl.invoke(DelegatingMethodAccessorImpl.java:43)\r\n java.base/java.lang.reflect.Method.invoke(Method.java:568)\r\n org.testng.internal.invokers.MethodInvocationHelper.invokeMethod(MethodInvocationHelper.java:139)\r\n org.testng.internal.invokers.TestInvoker.invokeMethod(TestInvoker.java:664)\r\n org.testng.internal.invokers.TestInvoker.invokeTestMethod(TestInvoker.java:228)\r\n org.testng.internal.invokers.MethodRunner.runInSequence(MethodRunner.java:63)\r\n org.testng.internal.invokers.TestInvoker$MethodInvocationAgent.invoke(TestInvoker.java:961)\r\n org.testng.internal.invokers.TestInvoker.invokeTestMethods(TestInvoker.java:201)\r\n org.testng.internal.invokers.TestMethodWorker.invokeTestMethods(TestMethodWorker.java:148)\r\n org.testng.internal.invokers.TestMethodWorker.run(TestMethodWorker.java:128)\r\n java.base/java.util.ArrayList.forEach(ArrayList.java:1511)\r\n org.testng.TestRunner.privateRun(TestRunner.java:819)\r\n org.testng.TestRunner.run(TestRunner.java:619)\r\n org.testng.SuiteRunner.runTest(SuiteRunner.java:443)\r\n org.testng.SuiteRunner.runSequentially(SuiteRunner.java:437)\r\n org.testng.SuiteRunner.privateRun(SuiteRunner.java:397)\r\n org.testng.SuiteRunner.run(SuiteRunner.java:336)\r\n org.testng.SuiteRunnerWorker.runSuite(SuiteRunnerWorker.java:52)\r\n org.testng.SuiteRunnerWorker.run(SuiteRunnerWorker.java:95)\r\n org.testng.TestNG.runSuitesSequentially(TestNG.java:1301)\r\n org.testng.TestNG.runSuitesLocally(TestNG.java:1228)\r\n org.testng.TestNG.runSuites(TestNG.java:1134)\r\n org.testng.TestNG.run(TestNG.java:1101)\r\n org.apache.maven.surefire.testng.TestNGExecutor.run(TestNGExecutor.java:155)\r\n org.apache.maven.surefire.testng.TestNGDirectoryTestSuite.executeSingleClass(TestNGDirectoryTestSuite.java:102)\r\n org.apache.maven.surefire.testng.TestNGDirectoryTestSuite.execute(TestNGDirectoryTestSuite.java:91)\r\n org.apache.maven.surefire.testng.TestNGProvider.invoke(TestNGProvider.java:137)\r\n org.apache.maven.surefire.booter.ForkedBooter.runSuitesInProcess(ForkedBooter.java:385)\r\n org.apache.maven.surefire.booter.ForkedBooter.execute(ForkedBooter.java:162)\r\n org.apache.maven.surefire.booter.ForkedBooter.run(ForkedBooter.java:507)\r\n org.apache.maven.surefire.booter.ForkedBooter.main(ForkedBooter.java:495)\r\n]]"}],"start":1707515273968,"stop":1707515274003}],"attachments":[],"parameters":[],"start":1707515270948,"stop":1707515274006}],"attachments":[],"parameters":[],"start":1707515270909,"stop":1707515274006}],"attachments":[{"name":"SHAFT Engine Logs - Current Method log: checkHomePageTitleIsCorrect","source":"f9511ff0-ae2b-4302-9577-91350ed14921-attachment.txt","type":"text/plain"}],"parameters":[],"start":1707515270899,"stop":1707515274017}