java.lang.AssertionError: Verification "ValidateBrowserAttribute" FAILED. Expected "Value Should be 'Google' for the 'title' attribute" and Actual "My Shop". Comparison Type "EQUALS". Validation Type "POSITIVE".
 com.shaft.validation.internal.ValidationsHelper.reportValidationState(ValidationsHelper.java:637)
 com.shaft.validation.internal.ValidationsHelper.fail(ValidationsHelper.java:400)
 com.shaft.validation.internal.ValidationsHelper.reportValidationResultOfBrowserAttribute(ValidationsHelper.java:538)
 com.shaft.validation.internal.ValidationsHelper.validateBrowserAttribute(ValidationsHelper.java:248)
 com.shaft.validation.internal.ValidationsExecutor.performValidation(ValidationsExecutor.java:168)
 com.shaft.validation.internal.ValidationsExecutor.perform(ValidationsExecutor.java:146)
 pages.HomePage.verifyBrowserTitleIsCorrect(HomePage.java:47)
 tests.TestClass.checkHomePageTitleIsCorrect(TestClass.java:24)
 java.base/jdk.internal.reflect.NativeMethodAccessorImpl.invoke0(Native Method)
 java.base/jdk.internal.reflect.NativeMethodAccessorImpl.invoke(NativeMethodAccessorImpl.java:77)
 java.base/jdk.internal.reflect.DelegatingMethodAccessorImpl.invoke(DelegatingMethodAccessorImpl.java:43)
 java.base/java.lang.reflect.Method.invoke(Method.java:568)
 org.testng.internal.invokers.MethodInvocationHelper.invokeMethod(MethodInvocationHelper.java:139)
 org.testng.internal.invokers.TestInvoker.invokeMethod(TestInvoker.java:664)
 org.testng.internal.invokers.TestInvoker.invokeTestMethod(TestInvoker.java:228)
 org.testng.internal.invokers.MethodRunner.runInSequence(MethodRunner.java:63)
 org.testng.internal.invokers.TestInvoker$MethodInvocationAgent.invoke(TestInvoker.java:961)
 org.testng.internal.invokers.TestInvoker.invokeTestMethods(TestInvoker.java:201)
 org.testng.internal.invokers.TestMethodWorker.invokeTestMethods(TestMethodWorker.java:148)
 org.testng.internal.invokers.TestMethodWorker.run(TestMethodWorker.java:128)
 java.base/java.util.ArrayList.forEach(ArrayList.java:1511)
 org.testng.TestRunner.privateRun(TestRunner.java:819)
 org.testng.TestRunner.run(TestRunner.java:619)
 org.testng.SuiteRunner.runTest(SuiteRunner.java:443)
 org.testng.SuiteRunner.runSequentially(SuiteRunner.java:437)
 org.testng.SuiteRunner.privateRun(SuiteRunner.java:397)
 org.testng.SuiteRunner.run(SuiteRunner.java:336)
 org.testng.SuiteRunnerWorker.runSuite(SuiteRunnerWorker.java:52)
 org.testng.SuiteRunnerWorker.run(SuiteRunnerWorker.java:95)
 org.testng.TestNG.runSuitesSequentially(TestNG.java:1301)
 org.testng.TestNG.runSuitesLocally(TestNG.java:1228)
 org.testng.TestNG.runSuites(TestNG.java:1134)
 org.testng.TestNG.run(TestNG.java:1101)
 org.apache.maven.surefire.testng.TestNGExecutor.run(TestNGExecutor.java:155)
 org.apache.maven.surefire.testng.TestNGDirectoryTestSuite.executeSingleClass(TestNGDirectoryTestSuite.java:102)
 org.apache.maven.surefire.testng.TestNGDirectoryTestSuite.execute(TestNGDirectoryTestSuite.java:91)
 org.apache.maven.surefire.testng.TestNGProvider.invoke(TestNGProvider.java:137)
 org.apache.maven.surefire.booter.ForkedBooter.runSuitesInProcess(ForkedBooter.java:385)
 org.apache.maven.surefire.booter.ForkedBooter.execute(ForkedBooter.java:162)
 org.apache.maven.surefire.booter.ForkedBooter.run(ForkedBooter.java:507)
 org.apache.maven.surefire.booter.ForkedBooter.main(ForkedBooter.java:495)
